d:\vsprojects\framework-egc-master\framework-egc-master\visual studio\obj\x64\debug\framework_egc\engine.obj
d:\vsprojects\framework-egc-master\framework-egc-master\visual studio\obj\x64\debug\framework_egc\laborator7.obj
d:\vsprojects\framework-egc-master\framework-egc-master\visual studio\obj\x64\debug\framework_egc\windowcallbacks.obj
d:\vsprojects\framework-egc-master\framework-egc-master\visual studio\obj\x64\debug\framework_egc\laborator4.obj
d:\vsprojects\framework-egc-master\framework-egc-master\visual studio\obj\x64\debug\framework_egc\inputcontroller.obj
d:\vsprojects\framework-egc-master\framework-egc-master\visual studio\obj\x64\debug\framework_egc\laborator6.obj
d:\vsprojects\framework-egc-master\framework-egc-master\visual studio\obj\x64\debug\framework_egc\mesh.obj
d:\vsprojects\framework-egc-master\framework-egc-master\visual studio\obj\x64\debug\framework_egc\laborator8.obj
d:\vsprojects\framework-egc-master\framework-egc-master\visual studio\obj\x64\debug\framework_egc\camerainput.obj
d:\vsprojects\framework-egc-master\framework-egc-master\visual studio\obj\x64\debug\framework_egc\object2d.obj
d:\vsprojects\framework-egc-master\framework-egc-master\visual studio\obj\x64\debug\framework_egc\shader.obj
d:\vsprojects\framework-egc-master\framework-egc-master\visual studio\obj\x64\debug\framework_egc\gl.obj
d:\vsprojects\framework-egc-master\framework-egc-master\visual studio\obj\x64\debug\framework_egc\gpubuffers.obj
d:\vsprojects\framework-egc-master\framework-egc-master\visual studio\obj\x64\debug\framework_egc\laborator3_vis2d.obj
d:\vsprojects\framework-egc-master\framework-egc-master\visual studio\obj\x64\debug\framework_egc\texturemanager.obj
d:\vsprojects\framework-egc-master\framework-egc-master\visual studio\obj\x64\debug\framework_egc\world.obj
d:\vsprojects\framework-egc-master\framework-egc-master\visual studio\obj\x64\debug\framework_egc\simplescene.obj
d:\vsprojects\framework-egc-master\framework-egc-master\visual studio\obj\x64\debug\framework_egc\laborator9.obj
d:\vsprojects\framework-egc-master\framework-egc-master\visual studio\obj\x64\debug\framework_egc\sceneinput.obj
d:\vsprojects\framework-egc-master\framework-egc-master\visual studio\obj\x64\debug\framework_egc\laborator3.obj
d:\vsprojects\framework-egc-master\framework-egc-master\visual studio\obj\x64\debug\framework_egc\texture2d.obj
d:\vsprojects\framework-egc-master\framework-egc-master\visual studio\obj\x64\debug\framework_egc\laborator2.obj
d:\vsprojects\framework-egc-master\framework-egc-master\visual studio\obj\x64\debug\framework_egc\windowobject.obj
d:\vsprojects\framework-egc-master\framework-egc-master\visual studio\obj\x64\debug\framework_egc\laborator5.obj
d:\vsprojects\framework-egc-master\framework-egc-master\visual studio\obj\x64\debug\framework_egc\main.obj
d:\vsprojects\framework-egc-master\framework-egc-master\visual studio\obj\x64\debug\framework_egc\tema1.obj
d:\vsprojects\framework-egc-master\framework-egc-master\visual studio\obj\x64\debug\framework_egc\laborator1.obj
d:\vsprojects\framework-egc-master\framework-egc-master\visual studio\obj\x64\debug\framework_egc\objects2d.obj
d:\vsprojects\framework-egc-master\framework-egc-master\visual studio\obj\x64\debug\framework_egc\vc142.pdb
d:\vsprojects\framework-egc-master\framework-egc-master\visual studio\obj\x64\debug\framework_egc\textrenderer.obj
d:\vsprojects\framework-egc-master\framework-egc-master\visual studio\obj\x64\debug\framework_egc\vcpkg.applocal.log
d:\vsprojects\framework-egc-master\framework-egc-master\x64\debug\framework_egc.exe
d:\vsprojects\framework-egc-master\framework-egc-master\x64\debug\framework_egc.ilk
d:\vsprojects\framework-egc-master\framework-egc-master\x64\debug\framework_egc.pdb
d:\vsprojects\framework-egc-master\framework-egc-master\visual studio\..\x64\debug\framework_egc.exe
d:\vsprojects\framework-egc-master\framework-egc-master\visual studio\obj\x64\debug\framework_egc\framework_egc.tlog\cl.command.1.tlog
d:\vsprojects\framework-egc-master\framework-egc-master\visual studio\obj\x64\debug\framework_egc\framework_egc.tlog\cl.read.1.tlog
d:\vsprojects\framework-egc-master\framework-egc-master\visual studio\obj\x64\debug\framework_egc\framework_egc.tlog\cl.write.1.tlog
d:\vsprojects\framework-egc-master\framework-egc-master\visual studio\obj\x64\debug\framework_egc\framework_egc.tlog\framework_egc.write.1u.tlog
d:\vsprojects\framework-egc-master\framework-egc-master\visual studio\obj\x64\debug\framework_egc\framework_egc.tlog\link.command.1.tlog
d:\vsprojects\framework-egc-master\framework-egc-master\visual studio\obj\x64\debug\framework_egc\framework_egc.tlog\link.read.1.tlog
d:\vsprojects\framework-egc-master\framework-egc-master\visual studio\obj\x64\debug\framework_egc\framework_egc.tlog\link.write.1.tlog
